<?xml version="1.0" encoding="UTF-8"?>
<testng-results ignored="0" total="1" passed="1" failed="0" skipped="0">
  <reporter-output>
  </reporter-output>
  <suite started-at="2021-08-28T18:58:56 IST" name="Default suite" finished-at="2021-08-28T18:58:58 IST" duration-ms="1938">
    <groups>
    </groups>
    <test started-at="2021-08-28T18:58:56 IST" name="Default test" finished-at="2021-08-28T18:58:58 IST" duration-ms="1938">
      <class name="Tests.PostAPITest">
        <test-method is-config="true" signature="setUp()[pri:0, instance:Tests.PostAPITest@1fe20588]" started-at="2021-08-28T18:58:56 IST" name="setUp" finished-at="2021-08-28T18:58:56 IST" duration-ms="6" status="PASS">
          <reporter-output>
          </reporter-output>
        </test-method> <!-- setUp -->
        <test-method signature="postAPITest()[pri:0, instance:Tests.PostAPITest@1fe20588]" started-at="2021-08-28T18:58:56 IST" name="postAPITest" finished-at="2021-08-28T18:58:58 IST" duration-ms="1878" status="PASS">
          <reporter-output>
          </reporter-output>
        </test-method> <!-- postAPITest -->
      </class> <!-- Tests.PostAPITest -->
    </test> <!-- Default test -->
  </suite> <!-- Default suite -->
</testng-results>
